<?xml version="1.0" encoding="UTF-8"?>
<testsuite xmlns:xsi="http://www.w3.org/2001/XMLSchema-instance" xsi:noNamespaceSchemaLocation="https://maven.apache.org/surefire/maven-surefire-plugin/xsd/surefire-test-report-3.0.xsd" version="3.0" name="com.softstream.vagas_online.VagasOnlineApplicationTests" time="9.808" tests="1" errors="0" skipped="0" failures="0">
  <properties>
[...]
</properties>
  <testcase name="contextLoads" classname="com.softstream.vagas_online.VagasOnlineApplicationTests" time="0.43">
    <system-out><![CDATA[10:43:09.841 [main] INFO org.springframework.test.context.support.AnnotationConfigContextLoaderUtils -- Could not detect default configuration classes for test class [com.softstream.vagas_online.VagasOnlineApplicationTests]: VagasOnlineApplicationTests does not declare any static, non-private, non-final, nested classes annotated with @Configuration.
10:43:09.980 [main] INFO org.springframework.boot.test.context.SpringBootTestContextBootstrapper -- Found @SpringBootConfiguration com.softstream.vagas_online.VagasOnlineApplication for test class com.softstream.vagas_online.VagasOnlineApplicationTests
10:43:10.404 [main] INFO org.springframework.boot.devtools.restart.RestartApplicationListener -- Restart disabled due to context in which it is running

  .   ____          _            __ _ _
 /\\ / ___'_ __ _ _(_)_ __  __ _ \ \ \ \
( ( )\___ | '_ | '_| | '_ \/ _` | \ \ \ \
 \\/  ___)| |_)| | | | | || (_| |  ) ) ) )
  '  |____| .__|_| |_|_| |_\__, | / / / /
 =========|_|==============|___/=/_/_/_/

 :: Spring Boot ::                (v3.3.4)

2024-10-02T10:43:11.046-03:00  INFO 11976 --- [           main] c.s.v.VagasOnlineApplicationTests        : Starting VagasOnlineApplicationTests using Java 21.0.4 with PID 11976 (started by jardel.silva in C:\workspace-eclipse\Vaga-online\vagas-online-back-end)
2024-10-02T10:43:11.047-03:00  INFO 11976 --- [           main] c.s.v.VagasOnlineApplicationTests        : The following 1 profile is active: "test"
2024-10-02T10:43:12.596-03:00  INFO 11976 --- [           main] .s.d.r.c.RepositoryConfigurationDelegate : Bootstrapping Spring Data JPA repositories in DEFAULT mode.
2024-10-02T10:43:12.676-03:00  INFO 11976 --- [           main] .s.d.r.c.RepositoryConfigurationDelegate : Finished Spring Data repository scanning in 71 ms. Found 5 JPA repository interfaces.
2024-10-02T10:43:13.369-03:00  INFO 11976 --- [           main] com.zaxxer.hikari.HikariDataSource       : HikariPool-1 - Starting...
2024-10-02T10:43:13.648-03:00  INFO 11976 --- [           main] com.zaxxer.hikari.pool.HikariPool        : HikariPool-1 - Added connection conn0: url=jdbc:h2:mem:testdb user=SA
2024-10-02T10:43:13.649-03:00  INFO 11976 --- [           main] com.zaxxer.hikari.HikariDataSource       : HikariPool-1 - Start completed.
2024-10-02T10:43:13.726-03:00  INFO 11976 --- [           main] o.hibernate.jpa.internal.util.LogHelper  : HHH000204: Processing PersistenceUnitInfo [name: default]
2024-10-02T10:43:13.840-03:00  INFO 11976 --- [           main] org.hibernate.Version                    : HHH000412: Hibernate ORM core version 6.5.3.Final
2024-10-02T10:43:13.910-03:00  INFO 11976 --- [           main] o.h.c.internal.RegionFactoryInitiator    : HHH000026: Second-level cache disabled
2024-10-02T10:43:14.330-03:00  INFO 11976 --- [           main] o.s.o.j.p.SpringPersistenceUnitInfo      : No LoadTimeWeaver setup: ignoring JPA class transformer
2024-10-02T10:43:15.633-03:00  INFO 11976 --- [           main] o.h.e.t.j.p.i.JtaPlatformInitiator       : HHH000489: No JTA platform available (set 'hibernate.transaction.jta.platform' to enable JTA platform integration)
Hibernate: 
    drop table if exists tb_candidaturas cascade 
Hibernate: 
    drop table if exists tb_notificacao cascade 
Hibernate: 
    drop table if exists tb_password_recover cascade 
Hibernate: 
    drop table if exists tb_role cascade 
Hibernate: 
    drop table if exists tb_user cascade 
Hibernate: 
    drop table if exists tb_user_role cascade 
Hibernate: 
    drop table if exists tb_vagas cascade 
Hibernate: 
    create table tb_candidaturas (
        momento_candidatura date,
        status tinyint check (status between 0 and 1),
        user_id bigint not null,
        vaga_id bigint not null unique,
        observacao varchar(255),
        primary key (user_id, vaga_id)
    )
Hibernate: 
    create table tb_notificacao (
        lida boolean,
        id bigint generated by default as identity,
        instante TIMESTAMP WITHOUT TIME ZONE,
        user_id bigint,
        texto varchar(255),
        primary key (id)
    )
Hibernate: 
    create table tb_password_recover (
        expiration timestamp(6) with time zone not null,
        id bigint generated by default as identity,
        email varchar(255) not null,
        token varchar(255) not null,
        primary key (id)
    )
Hibernate: 
    create table tb_role (
        id bigint generated by default as identity,
        authority varchar(255),
        primary key (id)
    )
Hibernate: 
    create table tb_user (
        id bigint generated by default as identity,
        email varchar(255) unique,
        endereco varchar(255),
        nome varchar(255),
        password varchar(255),
        perfil varchar(255),
        profissao varchar(255),
        telefone varchar(255),
        primary key (id)
    )
Hibernate: 
    create table tb_user_role (
        role_id bigint not null,
        user_id bigint not null,
        primary key (role_id, user_id)
    )
Hibernate: 
    create table tb_vagas (
        data_criacao_vaga DATE,
        data_realizacao_diaria date,
        status tinyint check (status between 0 and 1),
        valor_diaria float(53),
        id bigint generated by default as identity,
        descricao TEXT,
        local varchar(255),
        requisitos varchar(255),
        titulo varchar(255),
        primary key (id)
    )
Hibernate: 
    alter table if exists tb_candidaturas 
       add constraint FK44h81va4ilyesi27ob670ln8i 
       foreign key (vaga_id) 
       references tb_vagas
Hibernate: 
    alter table if exists tb_candidaturas 
       add constraint FKqjrndp6a91it2iyaaqimaeivn 
       foreign key (user_id) 
       references tb_user
Hibernate: 
    alter table if exists tb_notificacao 
       add constraint FKrdixhwx1bamm3ejwm8uw2g96m 
       foreign key (user_id) 
       references tb_user
Hibernate: 
    alter table if exists tb_user_role 
       add constraint FKea2ootw6b6bb0xt3ptl28bymv 
       foreign key (role_id) 
       references tb_role
Hibernate: 
    alter table if exists tb_user_role 
       add constraint FK7vn3h53d0tqdimm8cp45gc0kl 
       foreign key (user_id) 
       references tb_user
Hibernate: INSERT INTO tb_role (authority) VALUES ('ROLE_ADMIN')
Hibernate: INSERT INTO tb_role (authority) VALUES ('ROLE_CANDIDATO')
Hibernate: INSERT INTO tb_role (authority) VALUES ('ROLE_RH')
Hibernate: INSERT INTO tb_role (authority) VALUES ('ROLE_GERENTE')
Hibernate: INSERT INTO tb_user (nome, email, password, perfil, profissao, telefone, endereco) VALUES ('Jardel Rodrigues', 'rodriguesjardel96@gmail.com', '$2a$10$Qk8KkAC6KsqI2OWRmPica.hNl5ZDWZDzdTa1sHyd25BtVsmHcW/5y', 'Administrador', 'Desenvolvedor de software', '(61) 994229903', 'Rua 110 Quandra 320 Lote 10')
Hibernate: INSERT INTO tb_user (nome, email, password, perfil, profissao, telefone, endereco) VALUES ('Maria silva', 'maria@gmail.com', '$2a$10$Qk8KkAC6KsqI2OWRmPica.hNl5ZDWZDzdTa1sHyd25BtVsmHcW/5y', 'Canditato','Eletricista', '(61) 996542587', 'Rua 10 Quandra 30 Lote 11')
Hibernate: INSERT INTO tb_user (nome, email, password, perfil, profissao, telefone, endereco) VALUES ('Alex Alves', 'alex@gmail.com', '$2a$10$Qk8KkAC6KsqI2OWRmPica.hNl5ZDWZDzdTa1sHyd25BtVsmHcW/5y', 'Canditato', 'Segurança', '(61) 984562547', 'Rua 15 Quandra 50 Lote 113')
Hibernate: INSERT INTO tb_user_role (user_id, role_id) VALUES (1, 1)
Hibernate: INSERT INTO tb_user_role (user_id, role_id) VALUES (2, 2)
Hibernate: INSERT INTO tb_user_role (user_id, role_id) VALUES (3, 2)
Hibernate: INSERT INTO tb_notificacao (user_id, texto, instante, lida) VALUES (1, 'Candidatura enviada com sucesso', TIMESTAMP WITH TIME ZONE '2024-8-31T13:00:00Z', true)
Hibernate: INSERT INTO tb_notificacao (user_id, texto, instante, lida) VALUES (2, 'Candidatura aprovada', TIMESTAMP WITH TIME ZONE '2024-08-31T13:00:00Z', false)
Hibernate: INSERT INTO tb_vagas (titulo, descricao, requisitos, data_criacao_vaga, local, valor_diaria, status) VALUES ('Auxiliar de serviços gerais', 'Auxiliar de serviços gerais', 'Não se aplica', TIMESTAMP WITH TIME ZONE '2024-08-31T13:00:00Z', 'Gama', 120.00, 1)
Hibernate: INSERT INTO tb_vagas (titulo, descricao, requisitos, data_criacao_vaga, local, valor_diaria, status) VALUES ('Sergurança patrimonial', 'Sergurança patrimonial', 'Ter experiencia com segurança', TIMESTAMP WITH TIME ZONE '2024-08-31T13:00:00Z', 'Park Shopping', 250.00, 1)
Hibernate: INSERT INTO tb_candidaturas (user_id, vaga_id, momento_candidatura, status, observacao) VALUES (2, 1, TIMESTAMP WITH TIME ZONE '2024-08-31T13:00:00Z', 1, 'candidatura aceita')
Hibernate: INSERT INTO tb_candidaturas (user_id, vaga_id, momento_candidatura, status, observacao) VALUES (3, 2, TIMESTAMP WITH TIME ZONE '2024-08-31T13:00:00Z', 1, 'candidatura aceita')
2024-10-02T10:43:15.723-03:00  INFO 11976 --- [           main] j.LocalContainerEntityManagerFactoryBean : Initialized JPA EntityManagerFactory for persistence unit 'default'
2024-10-02T10:43:16.135-03:00  INFO 11976 --- [           main] o.s.d.j.r.query.QueryEnhancerFactory     : Hibernate is in classpath; If applicable, HQL parser will be used.
2024-10-02T10:43:17.459-03:00  INFO 11976 --- [           main] r$InitializeUserDetailsManagerConfigurer : Global AuthenticationManager configured with UserDetailsService bean with name userService
2024-10-02T10:43:18.150-03:00 DEBUG 11976 --- [           main] o.s.s.web.DefaultSecurityFilterChain     : Will secure org.springframework.security.oauth2.server.authorization.config.annotation.web.configurers.OAuth2AuthorizationServerConfigurer$$Lambda/0x000001d801a961a8@2db618e3 with filters: DisableEncodeUrlFilter, WebAsyncManagerIntegrationFilter, SecurityContextHolderFilter, AuthorizationServerContextFilter, HeaderWriterFilter, CsrfFilter, LogoutFilter, OAuth2AuthorizationServerMetadataEndpointFilter, OAuth2AuthorizationEndpointFilter, OAuth2DeviceVerificationEndpointFilter, NimbusJwkSetEndpointFilter, OAuth2ClientAuthenticationFilter, BearerTokenAuthenticationFilter, RequestCacheAwareFilter, SecurityContextHolderAwareRequestFilter, AnonymousAuthenticationFilter, ExceptionTranslationFilter, AuthorizationFilter, OAuth2TokenEndpointFilter, OAuth2TokenIntrospectionEndpointFilter, OAuth2TokenRevocationEndpointFilter, OAuth2DeviceAuthorizationEndpointFilter
2024-10-02T10:43:18.463-03:00 DEBUG 11976 --- [           main] o.s.s.web.DefaultSecurityFilterChain     : Will secure org.springframework.boot.autoconfigure.security.servlet.PathRequest$H2ConsoleRequestMatcher@20ff27a4 with filters: DisableEncodeUrlFilter, WebAsyncManagerIntegrationFilter, SecurityContextHolderFilter, HeaderWriterFilter, LogoutFilter, RequestCacheAwareFilter, SecurityContextHolderAwareRequestFilter, AnonymousAuthenticationFilter, ExceptionTranslationFilter
2024-10-02T10:43:18.472-03:00 DEBUG 11976 --- [           main] o.s.s.web.DefaultSecurityFilterChain     : Will secure any request with filters: DisableEncodeUrlFilter, WebAsyncManagerIntegrationFilter, SecurityContextHolderFilter, HeaderWriterFilter, CorsFilter, LogoutFilter, BearerTokenAuthenticationFilter, RequestCacheAwareFilter, SecurityContextHolderAwareRequestFilter, AnonymousAuthenticationFilter, ExceptionTranslationFilter, AuthorizationFilter
2024-10-02T10:43:18.903-03:00  INFO 11976 --- [           main] o.s.b.a.h2.H2ConsoleAutoConfiguration    : H2 console available at '/h2-console'. Database available at 'jdbc:h2:mem:testdb'
2024-10-02T10:43:18.963-03:00  INFO 11976 --- [           main] c.s.v.VagasOnlineApplicationTests        : Started VagasOnlineApplicationTests in 8.647 seconds (process running for 10.345)
]]></system-out>
    <system-err><![CDATA[WARNING: A Java agent has been loaded dynamically (C:\Users\Jardel.silva\.m2\repository\net\bytebuddy\byte-buddy-agent\1.14.19\byte-buddy-agent-1.14.19.jar)
WARNING: If a serviceability tool is in use, please run with -XX:+EnableDynamicAgentLoading to hide this warning
WARNING: If a serviceability tool is not in use, please run with -Djdk.instrument.traceUsage for more information
WARNING: Dynamic loading of agents will be disallowed by default in a future release
]]></system-err>
  </testcase>
</testsuite>